<?xml version="1.0" encoding="UTF-8"?>
<!-- Generated by org.testng.reporters.JUnitXMLReporter -->
<testsuite ignored="0" hostname="DESKTOP-U5SUVO0" failures="0" tests="3" name="SS_Electronics_08" time="44.059" errors="0" timestamp="2024-03-27T16:37:00 IST">
  <testcase classname="SS_Login_01.LoginTextCase_Test" name="login" time="13.17"/>
  <testcase classname="Util.SS_Electronics_Test" name="TestCase" time="19.542"/>
  <testcase classname="Util.SS_Electronics_08_Test" name="TestCase_08" time="6.423"/>
</testsuite> <!-- SS_Electronics_08 -->
