<?xml version="1.0" encoding="UTF-8"?>
<!-- Generated by org.testng.reporters.JUnitXMLReporter -->
<testsuite ignored="0" hostname="DESKTOP-U5SUVO0" failures="0" tests="3" name="SS_Electronics_14" time="53.855" errors="0" timestamp="2024-03-27T17:34:25 IST">
  <testcase classname="SS_Login_01.LoginTextCase_Test" name="login" time="20.204"/>
  <testcase classname="Util.SS_Electronics_Test" name="TestCase" time="19.81"/>
  <testcase classname="Util.SS_Electronics_14_Test" name="TestCase_13" time="8.606"/>
</testsuite> <!-- SS_Electronics_14 -->
