<?xml version="1.0" encoding="UTF-8"?>
<!-- Generated by org.testng.reporters.JUnitXMLReporter -->
<testsuite ignored="0" hostname="DESKTOP-U5SUVO0" failures="0" tests="3" name="SS_Electronics_38" time="42.887" errors="0" timestamp="2024-03-28T09:25:56 IST">
  <testcase classname="SS_Login_01.LoginTextCase_Test" name="login" time="11.837"/>
  <testcase classname="Util.SS_Electronics_Test" name="TestCase" time="19.487"/>
  <testcase classname="Util.SS_Electronics_38_Test" name="TestCase_13" time="6.484"/>
</testsuite> <!-- SS_Electronics_38 -->
