<?xml version="1.0" encoding="UTF-8"?>
<testng-results ignored="0" total="3" passed="3" failed="0" skipped="0">
  <reporter-output>
    <line>
      <![CDATA[EXECUATION STARTED-> login]]>
    </line>
    <line>
      <![CDATA[EXECUATION DONE SUCCESSFULLY-> login]]>
    </line>
    <line>
      <![CDATA[EXECUATION STARTED-> TestCase]]>
    </line>
    <line>
      <![CDATA[EXECUATION DONE SUCCESSFULLY-> TestCase]]>
    </line>
    <line>
      <![CDATA[EXECUATION STARTED-> testCase_07]]>
    </line>
    <line>
      <![CDATA[EXECUATION DONE SUCCESSFULLY-> testCase_07]]>
    </line>
  </reporter-output>
  <suite started-at="2024-04-04T10:46:19 IST" name="SS_Electronics_07" finished-at="2024-04-04T10:47:07 IST" duration-ms="47954">
    <groups>
    </groups>
    <test started-at="2024-04-04T10:46:19 IST" name="SS_Electronics_07" finished-at="2024-04-04T10:47:07 IST" duration-ms="47954">
      <class name="Util.SS_Electronics_07_Test">
        <test-method is-config="true" signature="launchApplication()[pri:0, instance:Util.SS_Electronics_07_Test@6c284af]" started-at="2024-04-04T10:46:19 IST" name="launchApplication" finished-at="2024-04-04T10:46:28 IST" duration-ms="9755" status="PASS">
          <reporter-output>
          </reporter-output>
        </test-method> <!-- launchApplication -->
        <test-method signature="login()[pri:0, instance:Util.SS_Electronics_07_Test@6c284af]" started-at="2024-04-04T10:46:28 IST" name="login" finished-at="2024-04-04T10:46:46 IST" duration-ms="17274" status="PASS">
          <reporter-output>
            <line>
              <![CDATA[EXECUATION STARTED-> login]]>
            </line>
            <line>
              <![CDATA[EXECUATION DONE SUCCESSFULLY-> login]]>
            </line>
          </reporter-output>
        </test-method> <!-- login -->
        <test-method signature="TestCase()[pri:0, instance:Util.SS_Electronics_07_Test@6c284af]" started-at="2024-04-04T10:46:46 IST" name="TestCase" finished-at="2024-04-04T10:47:06 IST" depends-on-methods="SS_Login_01.LoginTextCase_Test.login" duration-ms="20292" status="PASS">
          <reporter-output>
            <line>
              <![CDATA[EXECUATION STARTED-> TestCase]]>
            </line>
            <line>
              <![CDATA[EXECUATION DONE SUCCESSFULLY-> TestCase]]>
            </line>
          </reporter-output>
        </test-method> <!-- TestCase -->
        <test-method signature="testCase_07()[pri:0, instance:Util.SS_Electronics_07_Test@6c284af]" started-at="2024-04-04T10:47:06 IST" name="testCase_07" finished-at="2024-04-04T10:47:06 IST" depends-on-methods="Util.SS_Electronics_Test.TestCase" duration-ms="211" status="PASS">
          <reporter-output>
            <line>
              <![CDATA[EXECUATION STARTED-> testCase_07]]>
            </line>
            <line>
              <![CDATA[EXECUATION DONE SUCCESSFULLY-> testCase_07]]>
            </line>
          </reporter-output>
        </test-method> <!-- testCase_07 -->
        <test-method is-config="true" signature="closeApplication()[pri:0, instance:Util.SS_Electronics_07_Test@6c284af]" started-at="2024-04-04T10:47:06 IST" name="closeApplication" finished-at="2024-04-04T10:47:07 IST" duration-ms="263" status="PASS">
          <reporter-output>
          </reporter-output>
        </test-method> <!-- closeApplication -->
      </class> <!-- Util.SS_Electronics_07_Test -->
    </test> <!-- SS_Electronics_07 -->
  </suite> <!-- SS_Electronics_07 -->
</testng-results>
