<?xml version="1.0" encoding="UTF-8"?>
<!-- Generated by org.testng.reporters.JUnitXMLReporter -->
<testsuite ignored="0" hostname="DESKTOP-U5SUVO0" failures="0" tests="3" name="SS_Electronics_07" time="47.954" errors="0" timestamp="2024-04-04T10:47:07 IST">
  <testcase classname="SS_Login_01.LoginTextCase_Test" name="login" time="17.274"/>
  <testcase classname="Util.SS_Electronics_Test" name="TestCase" time="20.292"/>
  <testcase classname="Util.SS_Electronics_07_Test" name="testCase_07" time="0.211"/>
</testsuite> <!-- SS_Electronics_07 -->
